<?xml version="1.0" encoding="UTF-8"?>
<testng-results skipped="0" failed="0" total="1" passed="1">
  <reporter-output>
  </reporter-output>
  <suite name="Default suite" duration-ms="16708" started-at="2018-10-06T14:15:47Z" finished-at="2018-10-06T14:16:04Z">
    <groups>
    </groups>
    <test name="Default test" duration-ms="16708" started-at="2018-10-06T14:15:47Z" finished-at="2018-10-06T14:16:04Z">
      <class name="com.megatron.test.smoke.TestSample">
        <test-method status="PASS" signature="preCondition()[pri:0, instance:com.megatron.test.smoke.TestSample@4f933fd1]" name="preCondition" is-config="true" duration-ms="14257" started-at="2018-10-06T19:45:47Z" finished-at="2018-10-06T19:46:01Z">
          <reporter-output>
          </reporter-output>
        </test-method> <!-- preCondition -->
        <test-method status="PASS" signature="testLoginPageTitle()[pri:0, instance:com.megatron.test.smoke.TestSample@4f933fd1]" name="testLoginPageTitle" duration-ms="59" started-at="2018-10-06T19:46:01Z" finished-at="2018-10-06T19:46:02Z">
          <reporter-output>
          </reporter-output>
        </test-method> <!-- testLoginPageTitle -->
        <test-method status="PASS" signature="postCondition()[pri:0, instance:com.megatron.test.smoke.TestSample@4f933fd1]" name="postCondition" is-config="true" duration-ms="2343" started-at="2018-10-06T19:46:02Z" finished-at="2018-10-06T19:46:04Z">
          <reporter-output>
          </reporter-output>
        </test-method> <!-- postCondition -->
      </class> <!-- com.megatron.test.smoke.TestSample -->
    </test> <!-- Default test -->
  </suite> <!-- Default suite -->
</testng-results>
